
[27/03/24 17:30:10:03]:[INFO] Analyze data in 'data/fq_1Hz/pc_1'

[27/03/24 17:30:10:03]:[INFO] Pseudonym change mean...

[27/03/24 17:30:10:03]:[INFO] TOTAL VEHICLES 491, PSEUDONYMS: 5821

[27/03/24 17:30:10:03]:[INFO] [91mPSEUDONYMS PER VEHICLE (MEAN): 11.86[0m

[27/03/24 17:30:10:03]:[INFO] Getting pseudonym change events...

  0%|          | 0/5821 [00:00<?, ?it/s]/home/rivlanm/cmu/v2x/v2x-privacy-sim/tracker.py:127: FutureWarning: Setting an item of incompatible dtype is deprecated and will raise in a future error of pandas. Value 'e' has dtype incompatible with float64, please explicitly cast to a compatible dtype first.
  dataframe.loc[pseudonyms_events.iloc[0].name, 'event'] = 'e'

  4%|â–Ž         | 217/5821 [00:00<00:02, 2163.03it/s]
  8%|â–Š         | 472/5821 [00:00<00:02, 2387.00it/s]
 12%|â–ˆâ–        | 715/5821 [00:00<00:02, 2404.27it/s]
 17%|â–ˆâ–‹        | 974/5821 [00:00<00:01, 2474.46it/s]
 21%|â–ˆâ–ˆ        | 1229/5821 [00:00<00:01, 2500.07it/s]
 25%|â–ˆâ–ˆâ–Œ       | 1483/5821 [00:00<00:01, 2512.55it/s]
 30%|â–ˆâ–ˆâ–‰       | 1741/5821 [00:00<00:01, 2533.66it/s]
 34%|â–ˆâ–ˆâ–ˆâ–      | 1995/5821 [00:00<00:01, 2532.85it/s]
 39%|â–ˆâ–ˆâ–ˆâ–Š      | 2249/5821 [00:00<00:01, 2500.45it/s]
 43%|â–ˆâ–ˆâ–ˆâ–ˆâ–Ž     | 2500/5821 [00:01<00:01, 2411.35it/s]
 47%|â–ˆâ–ˆâ–ˆâ–ˆâ–‹     | 2742/5821 [00:01<00:01, 2371.46it/s]
 51%|â–ˆâ–ˆâ–ˆâ–ˆâ–ˆ     | 2980/5821 [00:01<00:01, 2235.94it/s]
 55%|â–ˆâ–ˆâ–ˆâ–ˆâ–ˆâ–Œ    | 3206/5821 [00:01<00:01, 2173.00it/s]
 59%|â–ˆâ–ˆâ–ˆâ–ˆâ–ˆâ–‰    | 3425/5821 [00:01<00:01, 2131.51it/s]
 63%|â–ˆâ–ˆâ–ˆâ–ˆâ–ˆâ–ˆâ–Ž   | 3639/5821 [00:01<00:01, 2112.99it/s]
 66%|â–ˆâ–ˆâ–ˆâ–ˆâ–ˆâ–ˆâ–Œ   | 3851/5821 [00:01<00:00, 2107.70it/s]
 70%|â–ˆâ–ˆâ–ˆâ–ˆâ–ˆâ–ˆâ–‰   | 4063/5821 [00:01<00:00, 2104.60it/s]
 73%|â–ˆâ–ˆâ–ˆâ–ˆâ–ˆâ–ˆâ–ˆâ–Ž  | 4274/5821 [00:01<00:00, 2085.98it/s]
 77%|â–ˆâ–ˆâ–ˆâ–ˆâ–ˆâ–ˆâ–ˆâ–‹  | 4483/5821 [00:01<00:00, 2051.52it/s]
 81%|â–ˆâ–ˆâ–ˆâ–ˆâ–ˆâ–ˆâ–ˆâ–ˆ  | 4689/5821 [00:02<00:00, 2039.48it/s]
 84%|â–ˆâ–ˆâ–ˆâ–ˆâ–ˆâ–ˆâ–ˆâ–ˆâ– | 4894/5821 [00:02<00:00, 1857.05it/s]
 87%|â–ˆâ–ˆâ–ˆâ–ˆâ–ˆâ–ˆâ–ˆâ–ˆâ–‹ | 5090/5821 [00:02<00:00, 1883.60it/s]
 91%|â–ˆâ–ˆâ–ˆâ–ˆâ–ˆâ–ˆâ–ˆâ–ˆâ–ˆ | 5281/5821 [00:02<00:00, 1884.13it/s]
 94%|â–ˆâ–ˆâ–ˆâ–ˆâ–ˆâ–ˆâ–ˆâ–ˆâ–ˆâ–| 5472/5821 [00:02<00:00, 1859.21it/s]
 97%|â–ˆâ–ˆâ–ˆâ–ˆâ–ˆâ–ˆâ–ˆâ–ˆâ–ˆâ–‹| 5660/5821 [00:02<00:00, 1857.97it/s]
100%|â–ˆâ–ˆâ–ˆâ–ˆâ–ˆâ–ˆâ–ˆâ–ˆâ–ˆâ–ˆ| 5821/5821 [00:02<00:00, 2148.07it/s]

  0%|          | 0/11603 [00:00<?, ?it/s]
 22%|â–ˆâ–ˆâ–       | 2526/11603 [00:00<00:00, 25252.68it/s]
 44%|â–ˆâ–ˆâ–ˆâ–ˆâ–     | 5097/11603 [00:00<00:00, 25516.41it/s]
 66%|â–ˆâ–ˆâ–ˆâ–ˆâ–ˆâ–ˆâ–Œ   | 7668/11603 [00:00<00:00, 25603.38it/s]
 89%|â–ˆâ–ˆâ–ˆâ–ˆâ–ˆâ–ˆâ–ˆâ–ˆâ–Š | 10285/11603 [00:00<00:00, 25823.31it/s]
100%|â–ˆâ–ˆâ–ˆâ–ˆâ–ˆâ–ˆâ–ˆâ–ˆâ–ˆâ–ˆ| 11603/11603 [00:00<00:00, 25739.78it/s]

  0%|          | 0/11603 [00:00<?, ?it/s]
 22%|â–ˆâ–ˆâ–       | 2528/11603 [00:00<00:00, 25272.13it/s]
 44%|â–ˆâ–ˆâ–ˆâ–ˆâ–Ž     | 5066/11603 [00:00<00:00, 25329.59it/s]
 65%|â–ˆâ–ˆâ–ˆâ–ˆâ–ˆâ–ˆâ–Œ   | 7599/11603 [00:00<00:00, 25005.76it/s]
 88%|â–ˆâ–ˆâ–ˆâ–ˆâ–ˆâ–ˆâ–ˆâ–ˆâ–Š | 10235/11603 [00:00<00:00, 25534.04it/s]
100%|â–ˆâ–ˆâ–ˆâ–ˆâ–ˆâ–ˆâ–ˆâ–ˆâ–ˆâ–ˆ| 11603/11603 [00:00<00:00, 25375.86it/s]

[27/03/24 17:30:14:03]:[INFO] Applying differential privacy to position data...

  0%|          | 0/11603 [00:00<?, ?it/s]
 22%|â–ˆâ–ˆâ–       | 2531/11603 [00:00<00:00, 25295.97it/s]
 44%|â–ˆâ–ˆâ–ˆâ–ˆâ–     | 5082/11603 [00:00<00:00, 25419.82it/s]
 66%|â–ˆâ–ˆâ–ˆâ–ˆâ–ˆâ–ˆâ–Œ   | 7624/11603 [00:00<00:00, 25328.03it/s]
 88%|â–ˆâ–ˆâ–ˆâ–ˆâ–ˆâ–ˆâ–ˆâ–ˆâ–Š | 10178/11603 [00:00<00:00, 25410.93it/s]
100%|â–ˆâ–ˆâ–ˆâ–ˆâ–ˆâ–ˆâ–ˆâ–ˆâ–ˆâ–ˆ| 11603/11603 [00:00<00:00, 25280.16it/s]

[27/03/24 17:30:14:03]:[INFO] Checking for local pseudonym change...

  0%|          | 0/5821 [00:00<?, ?it/s]
  0%|          | 29/5821 [00:00<00:20, 283.48it/s]
  1%|          | 58/5821 [00:00<00:21, 263.26it/s]
  1%|â–         | 87/5821 [00:00<00:20, 273.56it/s]
  2%|â–         | 117/5821 [00:00<00:20, 280.56it/s]
  3%|â–Ž         | 148/5821 [00:00<00:19, 287.94it/s]
  3%|â–Ž         | 179/5821 [00:00<00:19, 292.08it/s]
  4%|â–Ž         | 211/5821 [00:00<00:18, 300.53it/s]
  4%|â–         | 242/5821 [00:00<00:18, 302.78it/s]
  5%|â–         | 280/5821 [00:00<00:16, 326.39it/s]
  5%|â–Œ         | 313/5821 [00:01<00:17, 322.37it/s]
  6%|â–Œ         | 346/5821 [00:01<00:17, 320.94it/s]
  7%|â–‹         | 379/5821 [00:01<00:17, 316.47it/s]
  7%|â–‹         | 411/5821 [00:01<00:17, 311.58it/s]
  8%|â–Š         | 443/5821 [00:01<00:17, 313.99it/s]
  8%|â–Š         | 476/5821 [00:01<00:16, 318.08it/s]
  9%|â–Š         | 508/5821 [00:01<00:16, 317.79it/s]
  9%|â–‰         | 540/5821 [00:01<00:17, 306.70it/s]
 10%|â–‰         | 571/5821 [00:01<00:17, 299.09it/s]
 10%|â–ˆ         | 601/5821 [00:01<00:17, 298.45it/s]
 11%|â–ˆ         | 632/5821 [00:02<00:17, 296.94it/s]
 11%|â–ˆâ–        | 664/5821 [00:02<00:17, 300.58it/s]
 12%|â–ˆâ–        | 695/5821 [00:02<00:16, 302.56it/s]
 12%|â–ˆâ–        | 726/5821 [00:02<00:18, 280.75it/s]
 13%|â–ˆâ–Ž        | 755/5821 [00:02<00:18, 269.05it/s]
 13%|â–ˆâ–Ž        | 783/5821 [00:02<00:19, 259.87it/s]
 14%|â–ˆâ–        | 810/5821 [00:02<00:19, 256.74it/s]
 14%|â–ˆâ–        | 836/5821 [00:02<00:19, 250.55it/s]
 15%|â–ˆâ–        | 862/5821 [00:02<00:19, 251.71it/s]
 15%|â–ˆâ–Œ        | 888/5821 [00:03<00:19, 249.88it/s]
 16%|â–ˆâ–Œ        | 914/5821 [00:03<00:20, 236.39it/s]
 16%|â–ˆâ–Œ        | 941/5821 [00:03<00:19, 245.39it/s]
 17%|â–ˆâ–‹        | 966/5821 [00:03<00:20, 242.27it/s]
 17%|â–ˆâ–‹        | 991/5821 [00:03<00:20, 241.11it/s]
 17%|â–ˆâ–‹        | 1018/5821 [00:03<00:19, 247.68it/s]
 18%|â–ˆâ–Š        | 1043/5821 [00:03<00:19, 247.03it/s]
 18%|â–ˆâ–Š        | 1068/5821 [00:03<00:19, 247.43it/s]
 19%|â–ˆâ–‰        | 1093/5821 [00:03<00:19, 245.82it/s]
 19%|â–ˆâ–‰        | 1120/5821 [00:04<00:18, 251.40it/s]
 20%|â–ˆâ–‰        | 1146/5821 [00:04<00:19, 245.02it/s]
 20%|â–ˆâ–ˆ        | 1171/5821 [00:04<00:19, 239.67it/s]
 21%|â–ˆâ–ˆ        | 1197/5821 [00:04<00:19, 243.17it/s]
 21%|â–ˆâ–ˆ        | 1222/5821 [00:04<00:19, 239.69it/s]
 21%|â–ˆâ–ˆâ–       | 1249/5821 [00:04<00:18, 246.03it/s]
 22%|â–ˆâ–ˆâ–       | 1274/5821 [00:04<00:18, 242.75it/s]
 22%|â–ˆâ–ˆâ–       | 1301/5821 [00:04<00:18, 248.50it/s]
 23%|â–ˆâ–ˆâ–Ž       | 1326/5821 [00:04<00:18, 245.77it/s]
 23%|â–ˆâ–ˆâ–Ž       | 1353/5821 [00:04<00:17, 249.35it/s]
 24%|â–ˆâ–ˆâ–Ž       | 1381/5821 [00:05<00:17, 255.72it/s]
 24%|â–ˆâ–ˆâ–       | 1407/5821 [00:05<00:17, 250.86it/s]
 25%|â–ˆâ–ˆâ–       | 1434/5821 [00:05<00:17, 255.00it/s]
 25%|â–ˆâ–ˆâ–Œ       | 1460/5821 [00:05<00:17, 244.87it/s]
 26%|â–ˆâ–ˆâ–Œ       | 1485/5821 [00:05<00:17, 245.79it/s]
 26%|â–ˆâ–ˆâ–Œ       | 1514/5821 [00:05<00:16, 257.02it/s]
 26%|â–ˆâ–ˆâ–‹       | 1540/5821 [00:05<00:16, 256.12it/s]
 27%|â–ˆâ–ˆâ–‹       | 1566/5821 [00:05<00:16, 255.13it/s]
 27%|â–ˆâ–ˆâ–‹       | 1593/5821 [00:05<00:16, 256.61it/s]
 28%|â–ˆâ–ˆâ–Š       | 1619/5821 [00:06<00:16, 255.88it/s]
 28%|â–ˆâ–ˆâ–Š       | 1645/5821 [00:06<00:16, 254.50it/s]
 29%|â–ˆâ–ˆâ–Š       | 1671/5821 [00:06<00:16, 255.62it/s]
 29%|â–ˆâ–ˆâ–‰       | 1697/5821 [00:06<00:16, 252.19it/s]
 30%|â–ˆâ–ˆâ–‰       | 1724/5821 [00:06<00:15, 256.25it/s]
 30%|â–ˆâ–ˆâ–ˆ       | 1750/5821 [00:06<00:16, 245.08it/s]
 31%|â–ˆâ–ˆâ–ˆ       | 1777/5821 [00:06<00:16, 252.05it/s]
 31%|â–ˆâ–ˆâ–ˆ       | 1805/5821 [00:06<00:15, 259.14it/s]
 31%|â–ˆâ–ˆâ–ˆâ–      | 1832/5821 [00:06<00:15, 254.44it/s]
 32%|â–ˆâ–ˆâ–ˆâ–      | 1858/5821 [00:06<00:16, 246.00it/s]
 32%|â–ˆâ–ˆâ–ˆâ–      | 1886/5821 [00:07<00:15, 254.90it/s]
 33%|â–ˆâ–ˆâ–ˆâ–Ž      | 1912/5821 [00:07<00:15, 249.10it/s]
 33%|â–ˆâ–ˆâ–ˆâ–Ž      | 1939/5821 [00:07<00:15, 253.29it/s]
 34%|â–ˆâ–ˆâ–ˆâ–      | 1966/5821 [00:07<00:15, 256.01it/s]
 34%|â–ˆâ–ˆâ–ˆâ–      | 1992/5821 [00:07<00:15, 250.54it/s]
 35%|â–ˆâ–ˆâ–ˆâ–      | 2018/5821 [00:07<00:15, 250.68it/s]
 35%|â–ˆâ–ˆâ–ˆâ–Œ      | 2046/5821 [00:07<00:14, 256.91it/s]
 36%|â–ˆâ–ˆâ–ˆâ–Œ      | 2073/5821 [00:07<00:14, 258.44it/s]
 36%|â–ˆâ–ˆâ–ˆâ–Œ      | 2099/5821 [00:07<00:14, 256.77it/s]
 37%|â–ˆâ–ˆâ–ˆâ–‹      | 2126/5821 [00:08<00:14, 259.72it/s]
 37%|â–ˆâ–ˆâ–ˆâ–‹      | 2153/5821 [00:08<00:14, 261.28it/s]
 37%|â–ˆâ–ˆâ–ˆâ–‹      | 2180/5821 [00:08<00:14, 251.70it/s]
 38%|â–ˆâ–ˆâ–ˆâ–Š      | 2206/5821 [00:08<00:14, 253.71it/s]
 38%|â–ˆâ–ˆâ–ˆâ–Š      | 2232/5821 [00:08<00:14, 252.83it/s]
 39%|â–ˆâ–ˆâ–ˆâ–‰      | 2258/5821 [00:08<00:14, 251.02it/s]
 39%|â–ˆâ–ˆâ–ˆâ–‰      | 2285/5821 [00:08<00:13, 255.91it/s]
 40%|â–ˆâ–ˆâ–ˆâ–‰      | 2313/5821 [00:08<00:13, 261.28it/s]
 40%|â–ˆâ–ˆâ–ˆâ–ˆ      | 2340/5821 [00:08<00:13, 257.99it/s]
 41%|â–ˆâ–ˆâ–ˆâ–ˆ      | 2366/5821 [00:08<00:13, 256.86it/s]
 41%|â–ˆâ–ˆâ–ˆâ–ˆ      | 2392/5821 [00:09<00:13, 254.51it/s]
 42%|â–ˆâ–ˆâ–ˆâ–ˆâ–     | 2418/5821 [00:09<00:13, 255.16it/s]
 42%|â–ˆâ–ˆâ–ˆâ–ˆâ–     | 2446/5821 [00:09<00:12, 260.85it/s]
 43%|â–ˆâ–ˆâ–ˆâ–ˆâ–Ž     | 2474/5821 [00:09<00:12, 264.54it/s]
 43%|â–ˆâ–ˆâ–ˆâ–ˆâ–Ž     | 2502/5821 [00:09<00:12, 268.87it/s]
 43%|â–ˆâ–ˆâ–ˆâ–ˆâ–Ž     | 2529/5821 [00:09<00:13, 251.35it/s]
 44%|â–ˆâ–ˆâ–ˆâ–ˆâ–     | 2560/5821 [00:09<00:12, 266.41it/s]
 44%|â–ˆâ–ˆâ–ˆâ–ˆâ–     | 2589/5821 [00:09<00:11, 272.03it/s]
 45%|â–ˆâ–ˆâ–ˆâ–ˆâ–     | 2618/5821 [00:09<00:11, 277.16it/s]
 45%|â–ˆâ–ˆâ–ˆâ–ˆâ–Œ     | 2647/5821 [00:10<00:11, 278.54it/s]
 46%|â–ˆâ–ˆâ–ˆâ–ˆâ–Œ     | 2676/5821 [00:10<00:11, 280.85it/s]
 46%|â–ˆâ–ˆâ–ˆâ–ˆâ–‹     | 2705/5821 [00:10<00:11, 279.19it/s]
 47%|â–ˆâ–ˆâ–ˆâ–ˆâ–‹     | 2736/5821 [00:10<00:10, 285.61it/s]
 48%|â–ˆâ–ˆâ–ˆâ–ˆâ–Š     | 2765/5821 [00:10<00:10, 283.03it/s]
 48%|â–ˆâ–ˆâ–ˆâ–ˆâ–Š     | 2796/5821 [00:10<00:10, 288.23it/s]
 49%|â–ˆâ–ˆâ–ˆâ–ˆâ–Š     | 2825/5821 [00:10<00:10, 287.19it/s]
 49%|â–ˆâ–ˆâ–ˆâ–ˆâ–‰     | 2854/5821 [00:10<00:10, 287.48it/s]
 50%|â–ˆâ–ˆâ–ˆâ–ˆâ–‰     | 2883/5821 [00:10<00:10, 287.43it/s]
 50%|â–ˆâ–ˆâ–ˆâ–ˆâ–ˆ     | 2914/5821 [00:10<00:09, 291.21it/s]
 51%|â–ˆâ–ˆâ–ˆâ–ˆâ–ˆ     | 2946/5821 [00:11<00:09, 296.89it/s]
 51%|â–ˆâ–ˆâ–ˆâ–ˆâ–ˆ     | 2976/5821 [00:11<00:09, 294.52it/s]
 52%|â–ˆâ–ˆâ–ˆâ–ˆâ–ˆâ–    | 3009/5821 [00:11<00:09, 303.73it/s]
 52%|â–ˆâ–ˆâ–ˆâ–ˆâ–ˆâ–    | 3040/5821 [00:11<00:09, 291.63it/s]
 53%|â–ˆâ–ˆâ–ˆâ–ˆâ–ˆâ–Ž    | 3070/5821 [00:11<00:09, 287.95it/s]
 53%|â–ˆâ–ˆâ–ˆâ–ˆâ–ˆâ–Ž    | 3099/5821 [00:11<00:09, 286.86it/s]
 54%|â–ˆâ–ˆâ–ˆâ–ˆâ–ˆâ–Ž    | 3128/5821 [00:11<00:09, 282.74it/s]
 54%|â–ˆâ–ˆâ–ˆâ–ˆâ–ˆâ–    | 3157/5821 [00:11<00:09, 277.84it/s]
 55%|â–ˆâ–ˆâ–ˆâ–ˆâ–ˆâ–    | 3188/5821 [00:11<00:09, 285.67it/s]
 55%|â–ˆâ–ˆâ–ˆâ–ˆâ–ˆâ–Œ    | 3217/5821 [00:11<00:09, 283.08it/s]
 56%|â–ˆâ–ˆâ–ˆâ–ˆâ–ˆâ–Œ    | 3246/5821 [00:12<00:09, 284.40it/s]
 56%|â–ˆâ–ˆâ–ˆâ–ˆâ–ˆâ–‹    | 3276/5821 [00:12<00:08, 288.00it/s]
 57%|â–ˆâ–ˆâ–ˆâ–ˆâ–ˆâ–‹    | 3305/5821 [00:12<00:09, 276.38it/s]
 57%|â–ˆâ–ˆâ–ˆâ–ˆâ–ˆâ–‹    | 3335/5821 [00:12<00:08, 281.62it/s]
 58%|â–ˆâ–ˆâ–ˆâ–ˆâ–ˆâ–Š    | 3374/5821 [00:12<00:07, 312.22it/s]
 59%|â–ˆâ–ˆâ–ˆâ–ˆâ–ˆâ–Š    | 3410/5821 [00:12<00:07, 325.48it/s]
 59%|â–ˆâ–ˆâ–ˆâ–ˆâ–ˆâ–‰    | 3444/5821 [00:12<00:07, 328.38it/s]
 60%|â–ˆâ–ˆâ–ˆâ–ˆâ–ˆâ–‰    | 3482/5821 [00:12<00:06, 341.36it/s]
 60%|â–ˆâ–ˆâ–ˆâ–ˆâ–ˆâ–ˆ    | 3519/5821 [00:12<00:06, 349.74it/s]
 61%|â–ˆâ–ˆâ–ˆâ–ˆâ–ˆâ–ˆ    | 3559/5821 [00:13<00:06, 363.87it/s]
 62%|â–ˆâ–ˆâ–ˆâ–ˆâ–ˆâ–ˆâ–   | 3601/5821 [00:13<00:05, 379.30it/s]
 63%|â–ˆâ–ˆâ–ˆâ–ˆâ–ˆâ–ˆâ–Ž   | 3639/5821 [00:13<00:05, 375.80it/s]
 63%|â–ˆâ–ˆâ–ˆâ–ˆâ–ˆâ–ˆâ–Ž   | 3678/5821 [00:13<00:05, 377.23it/s]
 64%|â–ˆâ–ˆâ–ˆâ–ˆâ–ˆâ–ˆâ–   | 3716/5821 [00:13<00:05, 372.52it/s]
 64%|â–ˆâ–ˆâ–ˆâ–ˆâ–ˆâ–ˆâ–   | 3754/5821 [00:13<00:05, 366.33it/s]
 65%|â–ˆâ–ˆâ–ˆâ–ˆâ–ˆâ–ˆâ–Œ   | 3793/5821 [00:13<00:05, 372.30it/s]
 66%|â–ˆâ–ˆâ–ˆâ–ˆâ–ˆâ–ˆâ–Œ   | 3831/5821 [00:13<00:05, 340.58it/s]
 66%|â–ˆâ–ˆâ–ˆâ–ˆâ–ˆâ–ˆâ–‹   | 3870/5821 [00:13<00:05, 351.63it/s]
 67%|â–ˆâ–ˆâ–ˆâ–ˆâ–ˆâ–ˆâ–‹   | 3909/5821 [00:13<00:05, 362.06it/s]
 68%|â–ˆâ–ˆâ–ˆâ–ˆâ–ˆâ–ˆâ–Š   | 3946/5821 [00:14<00:05, 358.00it/s]
 69%|â–ˆâ–ˆâ–ˆâ–ˆâ–ˆâ–ˆâ–Š   | 3988/5821 [00:14<00:04, 374.71it/s]
 69%|â–ˆâ–ˆâ–ˆâ–ˆâ–ˆâ–ˆâ–‰   | 4026/5821 [00:14<00:04, 374.68it/s]
 70%|â–ˆâ–ˆâ–ˆâ–ˆâ–ˆâ–ˆâ–‰   | 4067/5821 [00:14<00:04, 382.75it/s]
 71%|â–ˆâ–ˆâ–ˆâ–ˆâ–ˆâ–ˆâ–ˆ   | 4110/5821 [00:14<00:04, 394.86it/s]
 71%|â–ˆâ–ˆâ–ˆâ–ˆâ–ˆâ–ˆâ–ˆâ–  | 4151/5821 [00:14<00:04, 397.64it/s]
 72%|â–ˆâ–ˆâ–ˆâ–ˆâ–ˆâ–ˆâ–ˆâ–  | 4193/5821 [00:14<00:04, 404.15it/s]
 73%|â–ˆâ–ˆâ–ˆâ–ˆâ–ˆâ–ˆâ–ˆâ–Ž  | 4235/5821 [00:14<00:03, 407.52it/s]
 74%|â–ˆâ–ˆâ–ˆâ–ˆâ–ˆâ–ˆâ–ˆâ–Ž  | 4280/5821 [00:14<00:03, 419.13it/s]
 74%|â–ˆâ–ˆâ–ˆâ–ˆâ–ˆâ–ˆâ–ˆâ–  | 4322/5821 [00:14<00:03, 414.06it/s]
 75%|â–ˆâ–ˆâ–ˆâ–ˆâ–ˆâ–ˆâ–ˆâ–  | 4364/5821 [00:15<00:03, 413.88it/s]
 76%|â–ˆâ–ˆâ–ˆâ–ˆâ–ˆâ–ˆâ–ˆâ–Œ  | 4409/5821 [00:15<00:03, 423.57it/s]
 76%|â–ˆâ–ˆâ–ˆâ–ˆâ–ˆâ–ˆâ–ˆâ–‹  | 4452/5821 [00:15<00:03, 396.06it/s]
 77%|â–ˆâ–ˆâ–ˆâ–ˆâ–ˆâ–ˆâ–ˆâ–‹  | 4492/5821 [00:15<00:03, 347.27it/s]
 78%|â–ˆâ–ˆâ–ˆâ–ˆâ–ˆâ–ˆâ–ˆâ–Š  | 4528/5821 [00:15<00:03, 343.58it/s]
 78%|â–ˆâ–ˆâ–ˆâ–ˆâ–ˆâ–ˆâ–ˆâ–Š  | 4564/5821 [00:15<00:03, 333.92it/s]
 79%|â–ˆâ–ˆâ–ˆâ–ˆâ–ˆâ–ˆâ–ˆâ–‰  | 4598/5821 [00:15<00:03, 320.55it/s]
 80%|â–ˆâ–ˆâ–ˆâ–ˆâ–ˆâ–ˆâ–ˆâ–‰  | 4631/5821 [00:15<00:03, 310.37it/s]
 80%|â–ˆâ–ˆâ–ˆâ–ˆâ–ˆâ–ˆâ–ˆâ–ˆ  | 4663/5821 [00:16<00:03, 299.53it/s]
 81%|â–ˆâ–ˆâ–ˆâ–ˆâ–ˆâ–ˆâ–ˆâ–ˆ  | 4696/5821 [00:16<00:03, 305.94it/s]
 81%|â–ˆâ–ˆâ–ˆâ–ˆâ–ˆâ–ˆâ–ˆâ–ˆ  | 4727/5821 [00:16<00:03, 302.79it/s]
 82%|â–ˆâ–ˆâ–ˆâ–ˆâ–ˆâ–ˆâ–ˆâ–ˆâ– | 4759/5821 [00:16<00:03, 305.70it/s]
 82%|â–ˆâ–ˆâ–ˆâ–ˆâ–ˆâ–ˆâ–ˆâ–ˆâ– | 4790/5821 [00:16<00:03, 286.67it/s]
 83%|â–ˆâ–ˆâ–ˆâ–ˆâ–ˆâ–ˆâ–ˆâ–ˆâ–Ž | 4819/5821 [00:16<00:03, 285.30it/s]
 83%|â–ˆâ–ˆâ–ˆâ–ˆâ–ˆâ–ˆâ–ˆâ–ˆâ–Ž | 4849/5821 [00:16<00:03, 288.41it/s]
 84%|â–ˆâ–ˆâ–ˆâ–ˆâ–ˆâ–ˆâ–ˆâ–ˆâ– | 4879/5821 [00:16<00:03, 291.34it/s]
 84%|â–ˆâ–ˆâ–ˆâ–ˆâ–ˆâ–ˆâ–ˆâ–ˆâ– | 4917/5821 [00:16<00:02, 316.43it/s]
 85%|â–ˆâ–ˆâ–ˆâ–ˆâ–ˆâ–ˆâ–ˆâ–ˆâ–Œ | 4957/5821 [00:16<00:02, 340.44it/s]
 86%|â–ˆâ–ˆâ–ˆâ–ˆâ–ˆâ–ˆâ–ˆâ–ˆâ–Œ | 5001/5821 [00:17<00:02, 368.37it/s]
 87%|â–ˆâ–ˆâ–ˆâ–ˆâ–ˆâ–ˆâ–ˆâ–ˆâ–‹ | 5045/5821 [00:17<00:02, 387.23it/s]
 87%|â–ˆâ–ˆâ–ˆâ–ˆâ–ˆâ–ˆâ–ˆâ–ˆâ–‹ | 5090/5821 [00:17<00:01, 403.69it/s]
 88%|â–ˆâ–ˆâ–ˆâ–ˆâ–ˆâ–ˆâ–ˆâ–ˆâ–Š | 5134/5821 [00:17<00:01, 412.79it/s]
 89%|â–ˆâ–ˆâ–ˆâ–ˆâ–ˆâ–ˆâ–ˆâ–ˆâ–‰ | 5177/5821 [00:17<00:01, 416.98it/s]
 90%|â–ˆâ–ˆâ–ˆâ–ˆâ–ˆâ–ˆâ–ˆâ–ˆâ–‰ | 5221/5821 [00:17<00:01, 421.09it/s]
 90%|â–ˆâ–ˆâ–ˆâ–ˆâ–ˆâ–ˆâ–ˆâ–ˆâ–ˆ | 5264/5821 [00:17<00:01, 422.73it/s]
 91%|â–ˆâ–ˆâ–ˆâ–ˆâ–ˆâ–ˆâ–ˆâ–ˆâ–ˆ | 5307/5821 [00:17<00:01, 416.82it/s]
 92%|â–ˆâ–ˆâ–ˆâ–ˆâ–ˆâ–ˆâ–ˆâ–ˆâ–ˆâ–| 5351/5821 [00:17<00:01, 422.39it/s]
 93%|â–ˆâ–ˆâ–ˆâ–ˆâ–ˆâ–ˆâ–ˆâ–ˆâ–ˆâ–Ž| 5395/5821 [00:17<00:00, 427.24it/s]
 93%|â–ˆâ–ˆâ–ˆâ–ˆâ–ˆâ–ˆâ–ˆâ–ˆâ–ˆâ–Ž| 5438/5821 [00:18<00:00, 416.88it/s]
 94%|â–ˆâ–ˆâ–ˆâ–ˆâ–ˆâ–ˆâ–ˆâ–ˆâ–ˆâ–| 5487/5821 [00:18<00:00, 436.29it/s]
 95%|â–ˆâ–ˆâ–ˆâ–ˆâ–ˆâ–ˆâ–ˆâ–ˆâ–ˆâ–Œ| 5535/5821 [00:18<00:00, 447.80it/s]
 96%|â–ˆâ–ˆâ–ˆâ–ˆâ–ˆâ–ˆâ–ˆâ–ˆâ–ˆâ–Œ| 5581/5821 [00:18<00:00, 450.36it/s]
 97%|â–ˆâ–ˆâ–ˆâ–ˆâ–ˆâ–ˆâ–ˆâ–ˆâ–ˆâ–‹| 5628/5821 [00:18<00:00, 453.83it/s]
 98%|â–ˆâ–ˆâ–ˆâ–ˆâ–ˆâ–ˆâ–ˆâ–ˆâ–ˆâ–Š| 5697/5821 [00:18<00:00, 523.11it/s]
 99%|â–ˆâ–ˆâ–ˆâ–ˆâ–ˆâ–ˆâ–ˆâ–ˆâ–ˆâ–‰| 5769/5821 [00:18<00:00, 580.03it/s]
100%|â–ˆâ–ˆâ–ˆâ–ˆâ–ˆâ–ˆâ–ˆâ–ˆâ–ˆâ–ˆ| 5821/5821 [00:18<00:00, 310.06it/s]

[27/03/24 17:30:33:03]:[INFO] [92mMETRICS -> PRECISION: 0.99159, RECALL: 0.92639, F1 SCORE: 0.95788[0m
